#
# There is insufficient memory for the Java Runtime Environment to continue.
# Native memory allocation (mmap) failed to map 4128768 bytes for G1 virtual space
# Possible reasons:
#   The system is out of physical RAM or swap space
#   The process is running with CompressedOops enabled, and the Java Heap may be blocking the growth of the native heap
# Possible solutions:
#   Reduce memory load on the system
#   Increase physical memory or swap space
#   Check if swap backing store is full
#   Decrease Java heap size (-Xmx/-Xms)
#   Decrease number of Java threads
#   Decrease Java thread stack sizes (-Xss)
#   Set larger code cache with -XX:ReservedCodeCacheSize=
#   JVM is running with Zero Based Compressed Oops mode in which the Java heap is
#     placed in the first 32GB address space. The Java Heap base address is the
#     maximum limit for the native heap growth. Please use -XX:HeapBaseMinAddress
#     to set the Java Heap base and to place the Java Heap above 32GB virtual address.
# This output file may be truncated or incomplete.
#
#  Out of Memory Error (os_windows.cpp:3541), pid=16436, tid=10960
#
# JRE version:  (17.0.5+9) (build )
# Java VM: Java HotSpot(TM) 64-Bit Server VM (17.0.5+9-LTS-191, mixed mode, emulated-client, sharing, tiered, compressed oops, compressed class ptrs, g1 gc, windows-amd64)
# No core dump will be written. Minidumps are not enabled by default on client versions of Windows
#

---------------  S U M M A R Y ------------

Command Line: -XX:TieredStopAtLevel=1 -Dspring.output.ansi.enabled=always -Dcom.sun.management.jmxremote -Dspring.jmx.enabled=true -Dspring.liveBeansView.mbeanDomain -Dspring.application.admin.enabled=true -Dmanagement.endpoints.jmx.exposure.include=* -javaagent:C:\Program Files\JetBrains\IntelliJ IDEA 2023.1.1\lib\idea_rt.jar=55597:C:\Program Files\JetBrains\IntelliJ IDEA 2023.1.1\bin -Dfile.encoding=UTF-8 com.example.demo.EcomerceV2Application

Host: Intel(R) Core(TM) i5-6300U CPU @ 2.40GHz, 4 cores, 15G,  Windows 10 , 64 bit Build 19041 (10.0.19041.2913)
Time: Mon May 22 08:29:53 2023 Hora padrão África Centro Oeste elapsed time: 0.523272 seconds (0d 0h 0m 0s)

---------------  T H R E A D  ---------------

Current thread (0x000001570510d200):  JavaThread "Unknown thread" [_thread_in_vm, id=10960, stack(0x00000043cf100000,0x00000043cf200000)]

Stack: [0x00000043cf100000,0x00000043cf200000]
Native frames: (J=compiled Java code, j=interpreted, Vv=VM code, C=native code)
V  [jvm.dll+0x672eea]
V  [jvm.dll+0x7d2a04]
V  [jvm.dll+0x7d41ae]
V  [jvm.dll+0x7d4813]
V  [jvm.dll+0x242c15]
V  [jvm.dll+0x66fe09]
V  [jvm.dll+0x664682]
V  [jvm.dll+0x300e8b]
V  [jvm.dll+0x308426]
V  [jvm.dll+0x358013]
V  [jvm.dll+0x35822f]
V  [jvm.dll+0x2d80a8]
V  [jvm.dll+0x2d9014]
V  [jvm.dll+0x7a44e1]
V  [jvm.dll+0x365df1]
V  [jvm.dll+0x7838fc]
V  [jvm.dll+0x3e873f]
V  [jvm.dll+0x3ea1e1]
C  [jli.dll+0x527b]
C  [ucrtbase.dll+0x21bb2]
C  [KERNEL32.DLL+0x17614]
C  [ntdll.dll+0x526a1]


---------------  P R O C E S S  ---------------

Threads class SMR info:
_java_thread_list=0x00007ffc86d6a8d8, length=0, elements={
}

Java Threads: ( => current thread )

Other Threads:
  0x0000015705177690 GCTaskThread "GC Thread#0" [stack: 0x00000043cf200000,0x00000043cf300000] [id=24032]
  0x00000157051880d0 ConcurrentGCThread "G1 Main Marker" [stack: 0x00000043cf300000,0x00000043cf400000] [id=17316]
  0x0000015705188ae0 ConcurrentGCThread "G1 Conc#0" [stack: 0x00000043cf400000,0x00000043cf500000] [id=3776]

[error occurred during error reporting (printing all threads), id 0xc0000005, EXCEPTION_ACCESS_VIOLATION (0xc0000005) at pc=0x00007ffc865b8a97]

VM state: not at safepoint (not fully initialized)

VM Mutex/Monitor currently owned by a thread:  ([mutex/lock_event])
[0x0000015705108e90] Heap_lock - owner thread: 0x000001570510d200

Heap address: 0x0000000705000000, size: 4016 MB, Compressed Oops mode: Zero based, Oop shift amount: 3

CDS archive(s) mapped at: [0x0000000000000000-0x0000000000000000-0x0000000000000000), size 0, SharedBaseAddress: 0x0000000800000000, ArchiveRelocationMode: 0.
Narrow klass base: 0x0000000000000000, Narrow klass shift: 0, Narrow klass range: 0x0

GC Precious Log:
<Empty>

Heap:
 garbage-first heap   total 0K, used 0K [0x0000000705000000, 0x0000000800000000)
  region size 2048K, 0 young (0K), 0 survivors (0K)

[error occurred during error reporting (printing heap information), id 0xc0000005, EXCEPTION_ACCESS_VIOLATION (0xc0000005) at pc=0x00007ffc8699c399]

GC Heap History (0 events):
No events

Deoptimization events (0 events):
No events

Classes unloaded (0 events):
No events

Classes redefined (0 events):
No events

Internal exceptions (0 events):
No events

VM Operations (0 events):
No events

Events (1 events):
Event: 0.240 Loaded shared library C:\Program Files\Java\jdk-17.0.5\bin\java.dll


Dynamic libraries:
0x00007ff6a8d10000 - 0x00007ff6a8d20000 	C:\Program Files\Java\jdk-17.0.5\bin\java.exe
0x00007ffccf6f0000 - 0x00007ffccf8e8000 	C:\WINDOWS\SYSTEM32\ntdll.dll
0x00007ffcceeb0000 - 0x00007ffccef6f000 	C:\WINDOWS\System32\KERNEL32.DLL
0x00007ffcccdd0000 - 0x00007ffccd0c6000 	C:\WINDOWS\System32\KERNELBASE.dll
0x00007ffccd0d0000 - 0x00007ffccd1d0000 	C:\WINDOWS\System32\ucrtbase.dll
0x00007ffcc82b0000 - 0x00007ffcc82c8000 	C:\Program Files\Java\jdk-17.0.5\bin\jli.dll
0x00007ffcce8c0000 - 0x00007ffcce96f000 	C:\WINDOWS\System32\ADVAPI32.dll
0x00007ffcce170000 - 0x00007ffcce20e000 	C:\WINDOWS\System32\msvcrt.dll
0x00007ffcce7f0000 - 0x00007ffcce88c000 	C:\WINDOWS\System32\sechost.dll
0x00007ffccf2d0000 - 0x00007ffccf3f6000 	C:\WINDOWS\System32\RPCRT4.dll
0x00007ffccecb0000 - 0x00007ffccee4d000 	C:\WINDOWS\System32\USER32.dll
0x00007ffccd670000 - 0x00007ffccd692000 	C:\WINDOWS\System32\win32u.dll
0x00007ffccf580000 - 0x00007ffccf5ac000 	C:\WINDOWS\System32\GDI32.dll
0x00007ffccd550000 - 0x00007ffccd665000 	C:\WINDOWS\System32\gdi32full.dll
0x00007ffccd4b0000 - 0x00007ffccd54d000 	C:\WINDOWS\System32\msvcp_win.dll
0x00007ffcc76f0000 - 0x00007ffcc770a000 	C:\Program Files\Java\jdk-17.0.5\bin\VCRUNTIME140.dll
0x00007ffcba030000 - 0x00007ffcba2ca000 	C:\WINDOWS\WinSxS\amd64_microsoft.windows.common-controls_6595b64144ccf1df_6.0.19041.1110_none_60b5254171f9507e\COMCTL32.dll
0x00007ffcbc6e0000 - 0x00007ffcbc6ea000 	C:\WINDOWS\SYSTEM32\VERSION.dll
0x00007ffcce890000 - 0x00007ffcce8c0000 	C:\WINDOWS\System32\IMM32.DLL
0x00007ffcc6530000 - 0x00007ffcc653c000 	C:\Program Files\Java\jdk-17.0.5\bin\vcruntime140_1.dll
0x00007ffc8fe80000 - 0x00007ffc8ff0d000 	C:\Program Files\Java\jdk-17.0.5\bin\msvcp140.dll
0x00007ffc862d0000 - 0x00007ffc86e92000 	C:\Program Files\Java\jdk-17.0.5\bin\server\jvm.dll
0x00007ffccf630000 - 0x00007ffccf638000 	C:\WINDOWS\System32\PSAPI.DLL
0x00007ffcb95b0000 - 0x00007ffcb95b9000 	C:\WINDOWS\SYSTEM32\WSOCK32.dll
0x00007ffcceb40000 - 0x00007ffccebab000 	C:\WINDOWS\System32\WS2_32.dll
0x00007ffcbb4e0000 - 0x00007ffcbb507000 	C:\WINDOWS\SYSTEM32\WINMM.dll
0x00007ffccb5e0000 - 0x00007ffccb5f2000 	C:\WINDOWS\SYSTEM32\kernel.appcore.dll
0x00007ffcc64c0000 - 0x00007ffcc64ca000 	C:\Program Files\Java\jdk-17.0.5\bin\jimage.dll
0x00007ffcc84d0000 - 0x00007ffcc86b4000 	C:\WINDOWS\SYSTEM32\DBGHELP.DLL
0x00007ffca6b70000 - 0x00007ffca6ba4000 	C:\WINDOWS\SYSTEM32\dbgcore.DLL
0x00007ffccd380000 - 0x00007ffccd402000 	C:\WINDOWS\System32\bcryptPrimitives.dll
0x00007ffcc6290000 - 0x00007ffcc629e000 	C:\Program Files\Java\jdk-17.0.5\bin\instrument.dll
0x00007ffcc51c0000 - 0x00007ffcc51e5000 	C:\Program Files\Java\jdk-17.0.5\bin\java.dll

dbghelp: loaded successfully - version: 4.0.5 - missing functions: none
symbol engine: initialized successfully - sym options: 0x614 - pdb path: .;C:\Program Files\Java\jdk-17.0.5\bin;C:\WINDOWS\SYSTEM32;C:\WINDOWS\WinSxS\amd64_microsoft.windows.common-controls_6595b64144ccf1df_6.0.19041.1110_none_60b5254171f9507e;C:\Program Files\Java\jdk-17.0.5\bin\server

VM Arguments:
jvm_args: -XX:TieredStopAtLevel=1 -Dspring.output.ansi.enabled=always -Dcom.sun.management.jmxremote -Dspring.jmx.enabled=true -Dspring.liveBeansView.mbeanDomain -Dspring.application.admin.enabled=true -Dmanagement.endpoints.jmx.exposure.include=* -javaagent:C:\Program Files\JetBrains\IntelliJ IDEA 2023.1.1\lib\idea_rt.jar=55597:C:\Program Files\JetBrains\IntelliJ IDEA 2023.1.1\bin -Dfile.encoding=UTF-8 
java_command: com.example.demo.EcomerceV2Application
java_class_path (initial): C:\Users\test\Documents\_IMETRO\2º SEMESTRE\PROGRAMACAO IV\Projecto\Ecomerce_v2\target\classes;C:\Users\test\.m2\repository\org\springframework\boot\spring-boot-starter-thymeleaf\3.0.5\spring-boot-starter-thymeleaf-3.0.5.jar;C:\Users\test\.m2\repository\org\springframework\boot\spring-boot-starter\3.0.5\spring-boot-starter-3.0.5.jar;C:\Users\test\.m2\repository\org\springframework\boot\spring-boot-starter-logging\3.0.5\spring-boot-starter-logging-3.0.5.jar;C:\Users\test\.m2\repository\ch\qos\logback\logback-classic\1.4.6\logback-classic-1.4.6.jar;C:\Users\test\.m2\repository\ch\qos\logback\logback-core\1.4.6\logback-core-1.4.6.jar;C:\Users\test\.m2\repository\org\apache\logging\log4j\log4j-to-slf4j\2.19.0\log4j-to-slf4j-2.19.0.jar;C:\Users\test\.m2\repository\org\apache\logging\log4j\log4j-api\2.19.0\log4j-api-2.19.0.jar;C:\Users\test\.m2\repository\org\slf4j\jul-to-slf4j\2.0.7\jul-to-slf4j-2.0.7.jar;C:\Users\test\.m2\repository\jakarta\annotation\jakarta.annotation-api\2.1.1\jakarta.annotation-api-2.1.1.jar;C:\Users\test\.m2\repository\org\yaml\snakeyaml\1.33\snakeyaml-1.33.jar;C:\Users\test\.m2\repository\org\thymeleaf\thymeleaf-spring6\3.1.1.RELEASE\thymeleaf-spring6-3.1.1.RELEASE.jar;C:\Users\test\.m2\repository\org\springframework\boot\spring-boot-starter-web\3.0.5\spring-boot-starter-web-3.0.5.jar;C:\Users\test\.m2\repository\org\springframework\boot\spring-boot-starter-json\3.0.5\spring-boot-starter-json-3.0.5.jar;C:\Users\test\.m2\repository\com\fasterxml\jackson\core\jackson-databind\2.14.2\jackson-databind-2.14.2.jar;C:\Users\test\.m2\repository\com\fasterxml\jackson\core\jackson-annotations\2.14.2\jackson-annotations-2.14.2.jar;C:\Users\test\.m2\repository\com\fasterxml\jackson\core\jackson-core\2.14.2\jackson-core-2.14.2.jar;C:\Users\test\.m2\repository\com\fasterxml\jackson\datatype\jackson-datatype-jdk8\2.14.2\jackson-datatype-jdk8-2.14.2.jar;C:\Users\test\.m2\repository\com\fasterxml\jackson\datatype\jackson-datatype-jsr31
Launcher Type: SUN_STANDARD

[Global flags]
     intx CICompilerCount                          = 3                                         {product} {ergonomic}
     uint ConcGCThreads                            = 1                                         {product} {ergonomic}
     uint G1ConcRefinementThreads                  = 4                                         {product} {ergonomic}
   size_t G1HeapRegionSize                         = 2097152                                   {product} {ergonomic}
    uintx GCDrainStackTargetSize                   = 64                                        {product} {ergonomic}
   size_t InitialHeapSize                          = 264241152                                 {product} {ergonomic}
     bool ManagementServer                         = true                                      {product} {command line}
   size_t MarkStackSize                            = 4194304                                   {product} {ergonomic}
   size_t MaxHeapSize                              = 4211081216                                {product} {ergonomic}
   size_t MinHeapDeltaBytes                        = 2097152                                   {product} {ergonomic}
   size_t MinHeapSize                              = 8388608                                   {product} {ergonomic}
    uintx NonProfiledCodeHeapSize                  = 0                                      {pd product} {ergonomic}
     bool ProfileInterpreter                       = false                                  {pd product} {command line}
    uintx ProfiledCodeHeapSize                     = 0                                      {pd product} {ergonomic}
   size_t SoftMaxHeapSize                          = 4211081216                             {manageable} {ergonomic}
     intx TieredStopAtLevel                        = 1                                         {product} {command line}
     bool UseCompressedClassPointers               = true                           {product lp64_product} {ergonomic}
     bool UseCompressedOops                        = true                           {product lp64_product} {ergonomic}
     bool UseG1GC                                  = true                                      {product} {ergonomic}
     bool UseLargePagesIndividualAllocation        = false                                  {pd product} {ergonomic}

Logging:
Log output configuration:
 #0: stdout all=warning uptime,level,tags
 #1: stderr all=off uptime,level,tags

Environment Variables:
JAVA_HOME=C:\Program Files\Java\jdk-17.0.5
PATH=C:\Program Files\Common Files\Oracle\Java\javapath;C:\WINDOWS\system32;C:\WINDOWS;C:\WINDOWS\System32\Wbem;C:\WINDOWS\System32\WindowsPowerShell\v1.0\;C:\WINDOWS\System32\OpenSSH\;C:\Program Files\Microsoft SQL Server\130\Tools\Binn\;C:\Program Files\nodejs\;C:\xampp\php;C:\ProgramData\chocolatey\bin;C:\Program Files (x86)\Yarn\bin\;C:\Program Files\Git\cmd;C:\Program Files\Redis\;C:\ProgramData\ComposerSetup\bin;C:\Program Files\Microsoft SQL Server\Client SDK\ODBC\170\Tools\Binn\;C:\Program Files\Java\jdk-16.0.1\bin;C:\Program Files\Gradle\gradle-7.1\bin;C:\Program Files (x86)\Microsoft SQL Server\150\Tools\Binn\;C:\Program Files\Microsoft SQL Server\150\Tools\Binn\;C:\Program Files\Microsoft SQL Server\150\DTS\Binn\;C:\Program Files\Azure Data Studio\bin;C:\Program Files (x86)\Microsoft SQL Server\150\DTS\Binn\;C:\Program Files\dotnet\;C:\Program Files\Docker\Docker\resources\bin;C:\Users\test\AppData\Local\Microsoft\WindowsApps;C:\Users\test\AppData\Local\Programs\Microsoft VS Code\bin;C:\Users\test\AppData\Roaming\npm;C:\src\flutter\bin;C:\Users\test\AppData\Local\Yarn\bin;C:\Program Files\heroku\bin;C:\Users\test\AppData\Roaming\Composer\vendor\bin;C:\Users\test\.dotnet\tools;C:\Program Files\Java\jdk1.8.0_291\bin;C:\Program Files\Azure Data Studio\bin;C:\Users\test\AppData\Local\Programs\Azure Data Studio\bin;C:\xampp\php;;C:\Program Files\JetBrains\IntelliJ IDEA 2023.1.1\bin;
USERNAME=Samilson Rodrigues
OS=Windows_NT
PROCESSOR_IDENTIFIER=Intel64 Family 6 Model 78 Stepping 3, GenuineIntel



---------------  S Y S T E M  ---------------

OS:
 Windows 10 , 64 bit Build 19041 (10.0.19041.2913)
OS uptime: 5 days 16:46 hours
Hyper-V role detected

CPU: total 4 (initial active 4) (2 cores per cpu, 2 threads per core) family 6 model 78 stepping 3 microcode 0xcc, cx8, cmov, fxsr, ht, mmx, 3dnowpref, sse, sse2, sse3, ssse3, sse4.1, sse4.2, popcnt, lzcnt, tsc, tscinvbit, avx, avx2, aes, erms, clmul, bmi1, bmi2, rtm, adx, fma, vzeroupper, clflush, clflushopt, hv

Memory: 4k page, system-wide physical 16056M (4038M free)
TotalPageFile size 19489M (AvailPageFile size 13M)
current process WorkingSet (physical memory assigned to process): 10M, peak: 10M
current process commit charge ("private bytes"): 299M, peak: 303M

vm_info: Java HotSpot(TM) 64-Bit Server VM (17.0.5+9-LTS-191) for windows-amd64 JRE (17.0.5+9-LTS-191), built on Sep 13 2022 17:31:43 by "mach5one" with MS VC++ 16.8 / 16.9 (VS2019)

END.
